Using pre-set license
Built from '2020.3/staging' branch; Version is '2020.3.16f1 (049d6eca3c44) revision 302446'; Using compiler version '192528614'; Build Type 'Release'
OS: 'Windows 10 Home; OS build 19043.1348; Version 2009; 64bit' Language: 'zh' Physical Memory: 16221 MB
BatchMode: 1, IsHumanControllingUs: 0, StartBugReporterOnCrash: 0, Is64bit: 1, IsPro: 0

 COMMAND LINE ARGUMENTS:
C:\Program Files\Unity\Hub\Editor\2020.3.16f1\Editor\Unity.exe
-adb2
-batchMode
-noUpm
-name
AssetImportWorker0
-projectPath
E:/Youth_2021/Unity-Youth-3DRPG0818/110YouthUnity3DRPG0818
-logFile
Logs/AssetImportWorker0.log
-srvPort
1054
Successfully changed project path to: E:/Youth_2021/Unity-Youth-3DRPG0818/110YouthUnity3DRPG0818
E:/Youth_2021/Unity-Youth-3DRPG0818/110YouthUnity3DRPG0818
Using Asset Import Pipeline V2.
Refreshing native plugins compatible for Editor in 43.79 ms, found 2 plugins.
Preloading 0 native plugins for Editor in 0.00 ms.
Initialize engine version: 2020.3.16f1 (049d6eca3c44)
[Subsystems] Discovering subsystems at path C:/Program Files/Unity/Hub/Editor/2020.3.16f1/Editor/Data/Resources/UnitySubsystems
[Subsystems] Discovering subsystems at path E:/Youth_2021/Unity-Youth-3DRPG0818/110YouthUnity3DRPG0818/Assets
GfxDevice: creating device client; threaded=0
Direct3D:
    Version:  Direct3D 11.0 [level 11.1]
    Renderer: NVIDIA GeForce RTX 3060 (ID=0x2504)
    Vendor:   
    VRAM:     12143 MB
    Driver:   30.0.14.9649
Initialize mono
Mono path[0] = 'C:/Program Files/Unity/Hub/Editor/2020.3.16f1/Editor/Data/Managed'
Mono path[1] = 'C:/Program Files/Unity/Hub/Editor/2020.3.16f1/Editor/Data/MonoBleedingEdge/lib/mono/unityjit'
Mono config path = 'C:/Program Files/Unity/Hub/Editor/2020.3.16f1/Editor/Data/MonoBleedingEdge/etc'
Using monoOptions --debugger-agent=transport=dt_socket,embedding=1,server=y,suspend=n,address=127.0.0.1:56124
Begin MonoManager ReloadAssembly
Registering precompiled unity dll's ...
Register platform support module: C:/Program Files/Unity/Hub/Editor/2020.3.16f1/Editor/Data/PlaybackEngines/WebGLSupport/UnityEditor.WebGL.Extensions.dll
Register platform support module: C:/Program Files/Unity/Hub/Editor/2020.3.16f1/Editor/Data/PlaybackEngines/WindowsStandaloneSupport/UnityEditor.WindowsStandalone.Extensions.dll
Registered in 0.001144 seconds.
Native extension for WindowsStandalone target not found
Native extension for WebGL target not found
Refreshing native plugins compatible for Editor in 44.14 ms, found 2 plugins.
Preloading 0 native plugins for Editor in 0.00 ms.
Mono: successfully reloaded assembly
- Completed reload, in  0.751 seconds
Domain Reload Profiling:
	ReloadAssembly (751ms)
		BeginReloadAssembly (35ms)
			ExecutionOrderSort (0ms)
			DisableScriptedObjects (0ms)
			BackupInstance (0ms)
			ReleaseScriptingObjects (0ms)
			CreateAndSetChildDomain (1ms)
		EndReloadAssembly (309ms)
			LoadAssemblies (35ms)
			RebuildTransferFunctionScriptingTraits (0ms)
			SetupTypeCache (102ms)
			ReleaseScriptCaches (0ms)
			RebuildScriptCaches (21ms)
			SetupLoadedEditorAssemblies (135ms)
				LogAssemblyErrors (0ms)
				InitializePlatformSupportModulesInManaged (5ms)
				SetLoadedEditorAssemblies (0ms)
				RefreshPlugins (44ms)
				BeforeProcessingInitializeOnLoad (6ms)
				ProcessInitializeOnLoadAttributes (58ms)
				ProcessInitializeOnLoadMethodAttributes (21ms)
				AfterProcessingInitializeOnLoad (0ms)
				EditorAssembliesLoaded (0ms)
			ExecutionOrderSort2 (0ms)
			AwakeInstancesAfterBackupRestoration (0ms)
Platform modules already initialized, skipping
Registering precompiled user dll's ...
Registered in 0.001842 seconds.
Begin MonoManager ReloadAssembly
Native extension for WindowsStandalone target not found
Native extension for WebGL target not found
Refreshing native plugins compatible for Editor in 0.43 ms, found 2 plugins.
Preloading 0 native plugins for Editor in 0.00 ms.
Mono: successfully reloaded assembly
- Completed reload, in  0.766 seconds
Domain Reload Profiling:
	ReloadAssembly (766ms)
		BeginReloadAssembly (100ms)
			ExecutionOrderSort (0ms)
			DisableScriptedObjects (3ms)
			BackupInstance (0ms)
			ReleaseScriptingObjects (0ms)
			CreateAndSetChildDomain (13ms)
		EndReloadAssembly (624ms)
			LoadAssemblies (58ms)
			RebuildTransferFunctionScriptingTraits (0ms)
			SetupTypeCache (194ms)
			ReleaseScriptCaches (0ms)
			RebuildScriptCaches (30ms)
			SetupLoadedEditorAssemblies (272ms)
				LogAssemblyErrors (0ms)
				InitializePlatformSupportModulesInManaged (5ms)
				SetLoadedEditorAssemblies (0ms)
				RefreshPlugins (0ms)
				BeforeProcessingInitializeOnLoad (41ms)
				ProcessInitializeOnLoadAttributes (218ms)
				ProcessInitializeOnLoadMethodAttributes (3ms)
				AfterProcessingInitializeOnLoad (4ms)
				EditorAssembliesLoaded (0ms)
			ExecutionOrderSort2 (0ms)
			AwakeInstancesAfterBackupRestoration (6ms)
Platform modules already initialized, skipping
========================================================================
Worker process is ready to serve import requests
Launched and connected shader compiler UnityShaderCompiler.exe after 0.04 seconds
Refreshing native plugins compatible for Editor in 0.41 ms, found 2 plugins.
Preloading 0 native plugins for Editor in 0.00 ms.
Unloading 1739 Unused Serialized files (Serialized files now loaded: 0)
System memory in use before: 101.8 MB.
System memory in use after: 101.6 MB.

Unloading 19 unused Assets to reduce memory usage. Loaded Objects now: 2190.
Total: 2.088500 ms (FindLiveObjects: 0.113500 ms CreateObjectMapping: 0.034300 ms MarkObjects: 1.749500 ms  DeleteObjects: 0.190300 ms)

AssetImportParameters requested are different than current active one (requested -> active):
  custom:framework-win-MediaFoundation: 216162199b28c13a410421893ffa2e32 -> 
  custom:video-decoder-ogg-theora: a1e56fd34408186e4bbccfd4996cb3dc -> 
  custom:container-muxer-webm: aa71ff27fc2769a1b78a27578f13a17b -> 
  custom:container-demuxer-webm: 4f35f7cbe854078d1ac9338744f61a02 -> 
  custom:container-demuxer-ogg: 62fdf1f143b41e24485cea50d1cbac27 -> 
  custom:video-encoder-webm-vp8: eb34c28f22e8b96e1ab97ce403110664 -> 
  custom:video-decoder-webm-vp8: 9c59270c3fd7afecdb556c50c9e8de78 -> 
  custom:audio-decoder-ogg-vorbis: bf7c407c2cedff20999df2af8eb42d56 -> 
  custom:audio-encoder-webm-vorbis: bf7c407c2cedff20999df2af8eb42d56 -> 
========================================================================
Received Import Request.
  path: Assets/Scripts/NPC.cs
  artifactKey: Guid(033cd5da587196b42a7fbe0f9ed32cf9) Importer(815301076,1909f56bfc062723c751e8b465ee728b)
Start importing Assets/Scripts/NPC.cs using Guid(033cd5da587196b42a7fbe0f9ed32cf9) Importer(815301076,1909f56bfc062723c751e8b465ee728b)  -> (artifact id: 'f7393c3bf848e7d600697e549f18f3ae') in 0.041833 seconds 
  Import took 0.073344 seconds .

========================================================================
Received Import Request.
  Time since last request: 168.231190 seconds.
  path: Assets/Scripts/DialogueSystem.cs
  artifactKey: Guid(77b636d96c02a644ea78ac9468802aff) Importer(815301076,1909f56bfc062723c751e8b465ee728b)
Start importing Assets/Scripts/DialogueSystem.cs using Guid(77b636d96c02a644ea78ac9468802aff) Importer(815301076,1909f56bfc062723c751e8b465ee728b)  -> (artifact id: 'ea7944c2889655fb430a0a7a29358d13') in 0.006915 seconds 
  Import took 0.010293 seconds .

========================================================================
Received Prepare
Registering precompiled user dll's ...
Registered in 0.001684 seconds.
Begin MonoManager ReloadAssembly
Native extension for WindowsStandalone target not found
Native extension for WebGL target not found
Refreshing native plugins compatible for Editor in 0.38 ms, found 2 plugins.
Preloading 0 native plugins for Editor in 0.00 ms.
Mono: successfully reloaded assembly
- Completed reload, in  0.790 seconds
Domain Reload Profiling:
	ReloadAssembly (791ms)
		BeginReloadAssembly (88ms)
			ExecutionOrderSort (0ms)
			DisableScriptedObjects (3ms)
			BackupInstance (0ms)
			ReleaseScriptingObjects (0ms)
			CreateAndSetChildDomain (25ms)
		EndReloadAssembly (658ms)
			LoadAssemblies (61ms)
			RebuildTransferFunctionScriptingTraits (0ms)
			SetupTypeCache (244ms)
			ReleaseScriptCaches (1ms)
			RebuildScriptCaches (27ms)
			SetupLoadedEditorAssemblies (257ms)
				LogAssemblyErrors (0ms)
				InitializePlatformSupportModulesInManaged (4ms)
				SetLoadedEditorAssemblies (0ms)
				RefreshPlugins (0ms)
				BeforeProcessingInitializeOnLoad (38ms)
				ProcessInitializeOnLoadAttributes (209ms)
				ProcessInitializeOnLoadMethodAttributes (2ms)
				AfterProcessingInitializeOnLoad (3ms)
				EditorAssembliesLoaded (0ms)
			ExecutionOrderSort2 (0ms)
			AwakeInstancesAfterBackupRestoration (5ms)
Platform modules already initialized, skipping
Refreshing native plugins compatible for Editor in 0.39 ms, found 2 plugins.
Preloading 0 native plugins for Editor in 0.00 ms.
Unloading 1720 Unused Serialized files (Serialized files now loaded: 0)
System memory in use before: 100.5 MB.
System memory in use after: 100.3 MB.

Unloading 14 unused Assets to reduce memory usage. Loaded Objects now: 2192.
Total: 2.428300 ms (FindLiveObjects: 0.151300 ms CreateObjectMapping: 0.046500 ms MarkObjects: 2.040600 ms  DeleteObjects: 0.187900 ms)

AssetImportParameters requested are different than current active one (requested -> active):
  custom:framework-win-MediaFoundation: 216162199b28c13a410421893ffa2e32 -> 
  custom:video-decoder-ogg-theora: a1e56fd34408186e4bbccfd4996cb3dc -> 
  custom:container-muxer-webm: aa71ff27fc2769a1b78a27578f13a17b -> 
  custom:container-demuxer-webm: 4f35f7cbe854078d1ac9338744f61a02 -> 
  custom:container-demuxer-ogg: 62fdf1f143b41e24485cea50d1cbac27 -> 
  custom:video-encoder-webm-vp8: eb34c28f22e8b96e1ab97ce403110664 -> 
  custom:video-decoder-webm-vp8: 9c59270c3fd7afecdb556c50c9e8de78 -> 
  custom:audio-decoder-ogg-vorbis: bf7c407c2cedff20999df2af8eb42d56 -> 
  custom:audio-encoder-webm-vorbis: bf7c407c2cedff20999df2af8eb42d56 -> 
========================================================================
Received Import Request.
  Time since last request: 374.569403 seconds.
  path: Assets/Scripts/DialogueSystem.cs
  artifactKey: Guid(77b636d96c02a644ea78ac9468802aff) Importer(815301076,1909f56bfc062723c751e8b465ee728b)
Start importing Assets/Scripts/DialogueSystem.cs using Guid(77b636d96c02a644ea78ac9468802aff) Importer(815301076,1909f56bfc062723c751e8b465ee728b)  -> (artifact id: '96ef485beb1378791be74fee4eade9a2') in 0.003003 seconds 
  Import took 0.005275 seconds .

========================================================================
Received Prepare
Registering precompiled user dll's ...
Registered in 0.001728 seconds.
Begin MonoManager ReloadAssembly
Native extension for WindowsStandalone target not found
Native extension for WebGL target not found
Refreshing native plugins compatible for Editor in 0.39 ms, found 2 plugins.
Preloading 0 native plugins for Editor in 0.00 ms.
Mono: successfully reloaded assembly
- Completed reload, in  0.776 seconds
Domain Reload Profiling:
	ReloadAssembly (776ms)
		BeginReloadAssembly (84ms)
			ExecutionOrderSort (0ms)
			DisableScriptedObjects (3ms)
			BackupInstance (0ms)
			ReleaseScriptingObjects (0ms)
			CreateAndSetChildDomain (26ms)
		EndReloadAssembly (650ms)
			LoadAssemblies (75ms)
			RebuildTransferFunctionScriptingTraits (0ms)
			SetupTypeCache (230ms)
			ReleaseScriptCaches (1ms)
			RebuildScriptCaches (27ms)
			SetupLoadedEditorAssemblies (250ms)
				LogAssemblyErrors (0ms)
				InitializePlatformSupportModulesInManaged (5ms)
				SetLoadedEditorAssemblies (0ms)
				RefreshPlugins (0ms)
				BeforeProcessingInitializeOnLoad (37ms)
				ProcessInitializeOnLoadAttributes (203ms)
				ProcessInitializeOnLoadMethodAttributes (2ms)
				AfterProcessingInitializeOnLoad (3ms)
				EditorAssembliesLoaded (0ms)
			ExecutionOrderSort2 (0ms)
			AwakeInstancesAfterBackupRestoration (5ms)
Platform modules already initialized, skipping
Refreshing native plugins compatible for Editor in 0.39 ms, found 2 plugins.
Preloading 0 native plugins for Editor in 0.00 ms.
Unloading 1720 Unused Serialized files (Serialized files now loaded: 0)
System memory in use before: 100.5 MB.
System memory in use after: 100.3 MB.

Unloading 14 unused Assets to reduce memory usage. Loaded Objects now: 2194.
Total: 2.216200 ms (FindLiveObjects: 0.136900 ms CreateObjectMapping: 0.049200 ms MarkObjects: 1.836600 ms  DeleteObjects: 0.192200 ms)

AssetImportParameters requested are different than current active one (requested -> active):
  custom:framework-win-MediaFoundation: 216162199b28c13a410421893ffa2e32 -> 
  custom:video-decoder-ogg-theora: a1e56fd34408186e4bbccfd4996cb3dc -> 
  custom:container-muxer-webm: aa71ff27fc2769a1b78a27578f13a17b -> 
  custom:container-demuxer-webm: 4f35f7cbe854078d1ac9338744f61a02 -> 
  custom:container-demuxer-ogg: 62fdf1f143b41e24485cea50d1cbac27 -> 
  custom:video-encoder-webm-vp8: eb34c28f22e8b96e1ab97ce403110664 -> 
  custom:video-decoder-webm-vp8: 9c59270c3fd7afecdb556c50c9e8de78 -> 
  custom:audio-decoder-ogg-vorbis: bf7c407c2cedff20999df2af8eb42d56 -> 
  custom:audio-encoder-webm-vorbis: bf7c407c2cedff20999df2af8eb42d56 -> 
========================================================================
Received Prepare
Registering precompiled user dll's ...
Registered in 0.001807 seconds.
Begin MonoManager ReloadAssembly
Native extension for WindowsStandalone target not found
Native extension for WebGL target not found
Refreshing native plugins compatible for Editor in 0.41 ms, found 2 plugins.
Preloading 0 native plugins for Editor in 0.00 ms.
Mono: successfully reloaded assembly
- Completed reload, in  0.754 seconds
Domain Reload Profiling:
	ReloadAssembly (754ms)
		BeginReloadAssembly (74ms)
			ExecutionOrderSort (0ms)
			DisableScriptedObjects (3ms)
			BackupInstance (0ms)
			ReleaseScriptingObjects (0ms)
			CreateAndSetChildDomain (22ms)
		EndReloadAssembly (635ms)
			LoadAssemblies (74ms)
			RebuildTransferFunctionScriptingTraits (0ms)
			SetupTypeCache (214ms)
			ReleaseScriptCaches (1ms)
			RebuildScriptCaches (26ms)
			SetupLoadedEditorAssemblies (250ms)
				LogAssemblyErrors (0ms)
				InitializePlatformSupportModulesInManaged (4ms)
				SetLoadedEditorAssemblies (0ms)
				RefreshPlugins (0ms)
				BeforeProcessingInitializeOnLoad (39ms)
				ProcessInitializeOnLoadAttributes (201ms)
				ProcessInitializeOnLoadMethodAttributes (2ms)
				AfterProcessingInitializeOnLoad (3ms)
				EditorAssembliesLoaded (0ms)
			ExecutionOrderSort2 (0ms)
			AwakeInstancesAfterBackupRestoration (4ms)
Platform modules already initialized, skipping
Refreshing native plugins compatible for Editor in 0.43 ms, found 2 plugins.
Preloading 0 native plugins for Editor in 0.00 ms.
Unloading 1720 Unused Serialized files (Serialized files now loaded: 0)
System memory in use before: 100.5 MB.
System memory in use after: 100.4 MB.

Unloading 14 unused Assets to reduce memory usage. Loaded Objects now: 2196.
Total: 2.160300 ms (FindLiveObjects: 0.111500 ms CreateObjectMapping: 0.034700 ms MarkObjects: 1.813200 ms  DeleteObjects: 0.199900 ms)

AssetImportParameters requested are different than current active one (requested -> active):
  custom:framework-win-MediaFoundation: 216162199b28c13a410421893ffa2e32 -> 
  custom:video-decoder-ogg-theora: a1e56fd34408186e4bbccfd4996cb3dc -> 
  custom:container-muxer-webm: aa71ff27fc2769a1b78a27578f13a17b -> 
  custom:container-demuxer-webm: 4f35f7cbe854078d1ac9338744f61a02 -> 
  custom:container-demuxer-ogg: 62fdf1f143b41e24485cea50d1cbac27 -> 
  custom:video-encoder-webm-vp8: eb34c28f22e8b96e1ab97ce403110664 -> 
  custom:video-decoder-webm-vp8: 9c59270c3fd7afecdb556c50c9e8de78 -> 
  custom:audio-decoder-ogg-vorbis: bf7c407c2cedff20999df2af8eb42d56 -> 
  custom:audio-encoder-webm-vorbis: bf7c407c2cedff20999df2af8eb42d56 -> 
========================================================================
Received Import Request.
  Time since last request: 1073.102321 seconds.
  path: Assets/Data/NPC Boy Data Dialogue.asset
  artifactKey: Guid(f20057ec4b8c0a04196b7ca0491f9d15) Importer(815301076,1909f56bfc062723c751e8b465ee728b)
Start importing Assets/Data/NPC Boy Data Dialogue.asset using Guid(f20057ec4b8c0a04196b7ca0491f9d15) Importer(815301076,1909f56bfc062723c751e8b465ee728b)  -> (artifact id: '26d391525b3fdfccc067a17c78bd5c33') in 0.027653 seconds 
  Import took 0.036777 seconds .

========================================================================
Received Import Request.
  Time since last request: 237.251356 seconds.
  path: Assets/Scripts/DialogueSystem.cs
  artifactKey: Guid(77b636d96c02a644ea78ac9468802aff) Importer(815301076,1909f56bfc062723c751e8b465ee728b)
Start importing Assets/Scripts/DialogueSystem.cs using Guid(77b636d96c02a644ea78ac9468802aff) Importer(815301076,1909f56bfc062723c751e8b465ee728b)  -> (artifact id: 'c53d722bda2c6f1c94ac3768341a8635') in 0.002280 seconds 
  Import took 0.032325 seconds .

========================================================================
Received Prepare
Registering precompiled user dll's ...
Registered in 0.001740 seconds.
Begin MonoManager ReloadAssembly
Native extension for WindowsStandalone target not found
Native extension for WebGL target not found
Refreshing native plugins compatible for Editor in 0.44 ms, found 2 plugins.
Preloading 0 native plugins for Editor in 0.00 ms.
Mono: successfully reloaded assembly
- Completed reload, in  0.760 seconds
Domain Reload Profiling:
	ReloadAssembly (760ms)
		BeginReloadAssembly (88ms)
			ExecutionOrderSort (0ms)
			DisableScriptedObjects (4ms)
			BackupInstance (0ms)
			ReleaseScriptingObjects (0ms)
			CreateAndSetChildDomain (26ms)
		EndReloadAssembly (629ms)
			LoadAssemblies (65ms)
			RebuildTransferFunctionScriptingTraits (0ms)
			SetupTypeCache (220ms)
			ReleaseScriptCaches (1ms)
			RebuildScriptCaches (28ms)
			SetupLoadedEditorAssemblies (250ms)
				LogAssemblyErrors (0ms)
				InitializePlatformSupportModulesInManaged (4ms)
				SetLoadedEditorAssemblies (0ms)
				RefreshPlugins (0ms)
				BeforeProcessingInitializeOnLoad (37ms)
				ProcessInitializeOnLoadAttributes (202ms)
				ProcessInitializeOnLoadMethodAttributes (3ms)
				AfterProcessingInitializeOnLoad (3ms)
				EditorAssembliesLoaded (0ms)
			ExecutionOrderSort2 (0ms)
			AwakeInstancesAfterBackupRestoration (5ms)
Platform modules already initialized, skipping
Refreshing native plugins compatible for Editor in 0.39 ms, found 2 plugins.
Preloading 0 native plugins for Editor in 0.00 ms.
Unloading 1720 Unused Serialized files (Serialized files now loaded: 0)
System memory in use before: 100.6 MB.
System memory in use after: 100.4 MB.

Unloading 14 unused Assets to reduce memory usage. Loaded Objects now: 2198.
Total: 2.120100 ms (FindLiveObjects: 0.114500 ms CreateObjectMapping: 0.037900 ms MarkObjects: 1.760100 ms  DeleteObjects: 0.206300 ms)

AssetImportParameters requested are different than current active one (requested -> active):
  custom:framework-win-MediaFoundation: 216162199b28c13a410421893ffa2e32 -> 
  custom:video-decoder-ogg-theora: a1e56fd34408186e4bbccfd4996cb3dc -> 
  custom:container-muxer-webm: aa71ff27fc2769a1b78a27578f13a17b -> 
  custom:container-demuxer-webm: 4f35f7cbe854078d1ac9338744f61a02 -> 
  custom:container-demuxer-ogg: 62fdf1f143b41e24485cea50d1cbac27 -> 
  custom:video-encoder-webm-vp8: eb34c28f22e8b96e1ab97ce403110664 -> 
  custom:video-decoder-webm-vp8: 9c59270c3fd7afecdb556c50c9e8de78 -> 
  custom:audio-decoder-ogg-vorbis: bf7c407c2cedff20999df2af8eb42d56 -> 
  custom:audio-encoder-webm-vorbis: bf7c407c2cedff20999df2af8eb42d56 -> 
========================================================================
Received Import Request.
  Time since last request: 416.197629 seconds.
  path: Assets/Scripts/DialogueSystem.cs
  artifactKey: Guid(77b636d96c02a644ea78ac9468802aff) Importer(815301076,1909f56bfc062723c751e8b465ee728b)
Start importing Assets/Scripts/DialogueSystem.cs using Guid(77b636d96c02a644ea78ac9468802aff) Importer(815301076,1909f56bfc062723c751e8b465ee728b)  -> (artifact id: '99760554e4a40c2a868cfe4d8d148b1f') in 0.003443 seconds 
  Import took 0.005522 seconds .

========================================================================
Received Prepare
Registering precompiled user dll's ...
Registered in 0.001793 seconds.
Begin MonoManager ReloadAssembly
Native extension for WindowsStandalone target not found
Native extension for WebGL target not found
Refreshing native plugins compatible for Editor in 0.38 ms, found 2 plugins.
Preloading 0 native plugins for Editor in 0.00 ms.
Mono: successfully reloaded assembly
- Completed reload, in  0.741 seconds
Domain Reload Profiling:
	ReloadAssembly (742ms)
		BeginReloadAssembly (80ms)
			ExecutionOrderSort (0ms)
			DisableScriptedObjects (3ms)
			BackupInstance (0ms)
			ReleaseScriptingObjects (0ms)
			CreateAndSetChildDomain (30ms)
		EndReloadAssembly (619ms)
			LoadAssemblies (59ms)
			RebuildTransferFunctionScriptingTraits (0ms)
			SetupTypeCache (213ms)
			ReleaseScriptCaches (1ms)
			RebuildScriptCaches (26ms)
			SetupLoadedEditorAssemblies (254ms)
				LogAssemblyErrors (0ms)
				InitializePlatformSupportModulesInManaged (5ms)
				SetLoadedEditorAssemblies (0ms)
				RefreshPlugins (0ms)
				BeforeProcessingInitializeOnLoad (37ms)
				ProcessInitializeOnLoadAttributes (205ms)
				ProcessInitializeOnLoadMethodAttributes (3ms)
				AfterProcessingInitializeOnLoad (3ms)
				EditorAssembliesLoaded (0ms)
			ExecutionOrderSort2 (0ms)
			AwakeInstancesAfterBackupRestoration (5ms)
Platform modules already initialized, skipping
Refreshing native plugins compatible for Editor in 0.44 ms, found 2 plugins.
Preloading 0 native plugins for Editor in 0.00 ms.
Unloading 1720 Unused Serialized files (Serialized files now loaded: 0)
System memory in use before: 100.6 MB.
System memory in use after: 100.4 MB.

Unloading 14 unused Assets to reduce memory usage. Loaded Objects now: 2200.
Total: 2.215400 ms (FindLiveObjects: 0.113400 ms CreateObjectMapping: 0.033600 ms MarkObjects: 1.855800 ms  DeleteObjects: 0.205200 ms)

AssetImportParameters requested are different than current active one (requested -> active):
  custom:framework-win-MediaFoundation: 216162199b28c13a410421893ffa2e32 -> 
  custom:video-decoder-ogg-theora: a1e56fd34408186e4bbccfd4996cb3dc -> 
  custom:container-muxer-webm: aa71ff27fc2769a1b78a27578f13a17b -> 
  custom:container-demuxer-webm: 4f35f7cbe854078d1ac9338744f61a02 -> 
  custom:container-demuxer-ogg: 62fdf1f143b41e24485cea50d1cbac27 -> 
  custom:video-encoder-webm-vp8: eb34c28f22e8b96e1ab97ce403110664 -> 
  custom:video-decoder-webm-vp8: 9c59270c3fd7afecdb556c50c9e8de78 -> 
  custom:audio-decoder-ogg-vorbis: bf7c407c2cedff20999df2af8eb42d56 -> 
  custom:audio-encoder-webm-vorbis: bf7c407c2cedff20999df2af8eb42d56 -> 
========================================================================
Received Import Request.
  Time since last request: 557.363788 seconds.
  path: Assets/Scripts/NPC.cs
  artifactKey: Guid(033cd5da587196b42a7fbe0f9ed32cf9) Importer(815301076,1909f56bfc062723c751e8b465ee728b)
Start importing Assets/Scripts/NPC.cs using Guid(033cd5da587196b42a7fbe0f9ed32cf9) Importer(815301076,1909f56bfc062723c751e8b465ee728b)  -> (artifact id: 'e53ed9561d670fd808ff9f2289fb430b') in 0.003290 seconds 
  Import took 0.005409 seconds .

========================================================================
Received Prepare
Registering precompiled user dll's ...
Registered in 0.001720 seconds.
Begin MonoManager ReloadAssembly
Native extension for WindowsStandalone target not found
Native extension for WebGL target not found
Refreshing native plugins compatible for Editor in 0.39 ms, found 2 plugins.
Preloading 0 native plugins for Editor in 0.00 ms.
Mono: successfully reloaded assembly
- Completed reload, in  0.704 seconds
Domain Reload Profiling:
	ReloadAssembly (704ms)
		BeginReloadAssembly (75ms)
			ExecutionOrderSort (0ms)
			DisableScriptedObjects (3ms)
			BackupInstance (0ms)
			ReleaseScriptingObjects (0ms)
			CreateAndSetChildDomain (21ms)
		EndReloadAssembly (582ms)
			LoadAssemblies (58ms)
			RebuildTransferFunctionScriptingTraits (0ms)
			SetupTypeCache (187ms)
			ReleaseScriptCaches (1ms)
			RebuildScriptCaches (26ms)
			SetupLoadedEditorAssemblies (244ms)
				LogAssemblyErrors (0ms)
				InitializePlatformSupportModulesInManaged (4ms)
				SetLoadedEditorAssemblies (0ms)
				RefreshPlugins (0ms)
				BeforeProcessingInitializeOnLoad (37ms)
				ProcessInitializeOnLoadAttributes (197ms)
				ProcessInitializeOnLoadMethodAttributes (3ms)
				AfterProcessingInitializeOnLoad (3ms)
				EditorAssembliesLoaded (0ms)
			ExecutionOrderSort2 (0ms)
			AwakeInstancesAfterBackupRestoration (5ms)
Platform modules already initialized, skipping
Refreshing native plugins compatible for Editor in 0.39 ms, found 2 plugins.
Preloading 0 native plugins for Editor in 0.00 ms.
Unloading 1720 Unused Serialized files (Serialized files now loaded: 0)
System memory in use before: 100.6 MB.
System memory in use after: 100.4 MB.

Unloading 14 unused Assets to reduce memory usage. Loaded Objects now: 2202.
Total: 2.073100 ms (FindLiveObjects: 0.104200 ms CreateObjectMapping: 0.031900 ms MarkObjects: 1.734300 ms  DeleteObjects: 0.202000 ms)

AssetImportParameters requested are different than current active one (requested -> active):
  custom:framework-win-MediaFoundation: 216162199b28c13a410421893ffa2e32 -> 
  custom:video-decoder-ogg-theora: a1e56fd34408186e4bbccfd4996cb3dc -> 
  custom:container-muxer-webm: aa71ff27fc2769a1b78a27578f13a17b -> 
  custom:container-demuxer-webm: 4f35f7cbe854078d1ac9338744f61a02 -> 
  custom:container-demuxer-ogg: 62fdf1f143b41e24485cea50d1cbac27 -> 
  custom:video-encoder-webm-vp8: eb34c28f22e8b96e1ab97ce403110664 -> 
  custom:video-decoder-webm-vp8: 9c59270c3fd7afecdb556c50c9e8de78 -> 
  custom:audio-decoder-ogg-vorbis: bf7c407c2cedff20999df2af8eb42d56 -> 
  custom:audio-encoder-webm-vorbis: bf7c407c2cedff20999df2af8eb42d56 -> 
========================================================================
Received Prepare
Registering precompiled user dll's ...
Registered in 0.001712 seconds.
Begin MonoManager ReloadAssembly
Native extension for WindowsStandalone target not found
Native extension for WebGL target not found
Refreshing native plugins compatible for Editor in 0.41 ms, found 2 plugins.
Preloading 0 native plugins for Editor in 0.00 ms.
Mono: successfully reloaded assembly
- Completed reload, in  0.712 seconds
Domain Reload Profiling:
	ReloadAssembly (713ms)
		BeginReloadAssembly (77ms)
			ExecutionOrderSort (0ms)
			DisableScriptedObjects (4ms)
			BackupInstance (0ms)
			ReleaseScriptingObjects (0ms)
			CreateAndSetChildDomain (24ms)
		EndReloadAssembly (592ms)
			LoadAssemblies (57ms)
			RebuildTransferFunctionScriptingTraits (0ms)
			SetupTypeCache (191ms)
			ReleaseScriptCaches (1ms)
			RebuildScriptCaches (27ms)
			SetupLoadedEditorAssemblies (249ms)
				LogAssemblyErrors (0ms)
				InitializePlatformSupportModulesInManaged (4ms)
				SetLoadedEditorAssemblies (0ms)
				RefreshPlugins (0ms)
				BeforeProcessingInitializeOnLoad (37ms)
				ProcessInitializeOnLoadAttributes (201ms)
				ProcessInitializeOnLoadMethodAttributes (3ms)
				AfterProcessingInitializeOnLoad (3ms)
				EditorAssembliesLoaded (0ms)
			ExecutionOrderSort2 (0ms)
			AwakeInstancesAfterBackupRestoration (5ms)
Platform modules already initialized, skipping
Refreshing native plugins compatible for Editor in 0.39 ms, found 2 plugins.
Preloading 0 native plugins for Editor in 0.00 ms.
Unloading 1720 Unused Serialized files (Serialized files now loaded: 0)
System memory in use before: 100.6 MB.
System memory in use after: 100.4 MB.

Unloading 14 unused Assets to reduce memory usage. Loaded Objects now: 2204.
Total: 2.133300 ms (FindLiveObjects: 0.108500 ms CreateObjectMapping: 0.034800 ms MarkObjects: 1.785400 ms  DeleteObjects: 0.203800 ms)

AssetImportParameters requested are different than current active one (requested -> active):
  custom:framework-win-MediaFoundation: 216162199b28c13a410421893ffa2e32 -> 
  custom:video-decoder-ogg-theora: a1e56fd34408186e4bbccfd4996cb3dc -> 
  custom:container-muxer-webm: aa71ff27fc2769a1b78a27578f13a17b -> 
  custom:container-demuxer-webm: 4f35f7cbe854078d1ac9338744f61a02 -> 
  custom:container-demuxer-ogg: 62fdf1f143b41e24485cea50d1cbac27 -> 
  custom:video-encoder-webm-vp8: eb34c28f22e8b96e1ab97ce403110664 -> 
  custom:video-decoder-webm-vp8: 9c59270c3fd7afecdb556c50c9e8de78 -> 
  custom:audio-decoder-ogg-vorbis: bf7c407c2cedff20999df2af8eb42d56 -> 
  custom:audio-encoder-webm-vorbis: bf7c407c2cedff20999df2af8eb42d56 -> 
========================================================================
Received Import Request.
  Time since last request: 188.670933 seconds.
  path: Assets/Scripts/DataDialogue.cs
  artifactKey: Guid(60d727e26170a0648b0a709e9d4cf7f3) Importer(815301076,1909f56bfc062723c751e8b465ee728b)
Start importing Assets/Scripts/DataDialogue.cs using Guid(60d727e26170a0648b0a709e9d4cf7f3) Importer(815301076,1909f56bfc062723c751e8b465ee728b)  -> (artifact id: '657296b3a780e40cb92e44b8312e1451') in 0.007156 seconds 
  Import took 0.010103 seconds .

========================================================================
Received Prepare
Registering precompiled user dll's ...
Registered in 0.001672 seconds.
Begin MonoManager ReloadAssembly
Native extension for WindowsStandalone target not found
Native extension for WebGL target not found
Refreshing native plugins compatible for Editor in 0.41 ms, found 2 plugins.
Preloading 0 native plugins for Editor in 0.00 ms.
Mono: successfully reloaded assembly
- Completed reload, in  0.713 seconds
Domain Reload Profiling:
	ReloadAssembly (713ms)
		BeginReloadAssembly (73ms)
			ExecutionOrderSort (0ms)
			DisableScriptedObjects (3ms)
			BackupInstance (0ms)
			ReleaseScriptingObjects (0ms)
			CreateAndSetChildDomain (21ms)
		EndReloadAssembly (598ms)
			LoadAssemblies (57ms)
			RebuildTransferFunctionScriptingTraits (0ms)
			SetupTypeCache (204ms)
			ReleaseScriptCaches (1ms)
			RebuildScriptCaches (26ms)
			SetupLoadedEditorAssemblies (244ms)
				LogAssemblyErrors (0ms)
				InitializePlatformSupportModulesInManaged (4ms)
				SetLoadedEditorAssemblies (0ms)
				RefreshPlugins (0ms)
				BeforeProcessingInitializeOnLoad (34ms)
				ProcessInitializeOnLoadAttributes (198ms)
				ProcessInitializeOnLoadMethodAttributes (3ms)
				AfterProcessingInitializeOnLoad (3ms)
				EditorAssembliesLoaded (0ms)
			ExecutionOrderSort2 (0ms)
			AwakeInstancesAfterBackupRestoration (5ms)
Platform modules already initialized, skipping
Refreshing native plugins compatible for Editor in 0.41 ms, found 2 plugins.
Preloading 0 native plugins for Editor in 0.00 ms.
Unloading 1720 Unused Serialized files (Serialized files now loaded: 0)
System memory in use before: 100.6 MB.
System memory in use after: 100.4 MB.

Unloading 14 unused Assets to reduce memory usage. Loaded Objects now: 2206.
Total: 2.494100 ms (FindLiveObjects: 0.204300 ms CreateObjectMapping: 0.068600 ms MarkObjects: 1.999900 ms  DeleteObjects: 0.219500 ms)

AssetImportParameters requested are different than current active one (requested -> active):
  custom:framework-win-MediaFoundation: 216162199b28c13a410421893ffa2e32 -> 
  custom:video-decoder-ogg-theora: a1e56fd34408186e4bbccfd4996cb3dc -> 
  custom:container-muxer-webm: aa71ff27fc2769a1b78a27578f13a17b -> 
  custom:container-demuxer-webm: 4f35f7cbe854078d1ac9338744f61a02 -> 
  custom:container-demuxer-ogg: 62fdf1f143b41e24485cea50d1cbac27 -> 
  custom:video-encoder-webm-vp8: eb34c28f22e8b96e1ab97ce403110664 -> 
  custom:video-decoder-webm-vp8: 9c59270c3fd7afecdb556c50c9e8de78 -> 
  custom:audio-decoder-ogg-vorbis: bf7c407c2cedff20999df2af8eb42d56 -> 
  custom:audio-encoder-webm-vorbis: bf7c407c2cedff20999df2af8eb42d56 -> 
========================================================================
Received Import Request.
  Time since last request: 178.464636 seconds.
  path: Assets/Scripts/DataDialogue.cs
  artifactKey: Guid(60d727e26170a0648b0a709e9d4cf7f3) Importer(815301076,1909f56bfc062723c751e8b465ee728b)
Start importing Assets/Scripts/DataDialogue.cs using Guid(60d727e26170a0648b0a709e9d4cf7f3) Importer(815301076,1909f56bfc062723c751e8b465ee728b)  -> (artifact id: '6ce09032e0bc4b3fa033255efd46b7ef') in 0.003664 seconds 
  Import took 0.030180 seconds .

========================================================================
Received Prepare
Registering precompiled user dll's ...
Registered in 0.001906 seconds.
Begin MonoManager ReloadAssembly
Native extension for WindowsStandalone target not found
Native extension for WebGL target not found
Refreshing native plugins compatible for Editor in 0.40 ms, found 2 plugins.
Preloading 0 native plugins for Editor in 0.00 ms.
Mono: successfully reloaded assembly
- Completed reload, in  0.733 seconds
Domain Reload Profiling:
	ReloadAssembly (733ms)
		BeginReloadAssembly (77ms)
			ExecutionOrderSort (0ms)
			DisableScriptedObjects (3ms)
			BackupInstance (0ms)
			ReleaseScriptingObjects (0ms)
			CreateAndSetChildDomain (28ms)
		EndReloadAssembly (603ms)
			LoadAssemblies (71ms)
			RebuildTransferFunctionScriptingTraits (0ms)
			SetupTypeCache (199ms)
			ReleaseScriptCaches (1ms)
			RebuildScriptCaches (25ms)
			SetupLoadedEditorAssemblies (238ms)
				LogAssemblyErrors (0ms)
				InitializePlatformSupportModulesInManaged (4ms)
				SetLoadedEditorAssemblies (0ms)
				RefreshPlugins (0ms)
				BeforeProcessingInitializeOnLoad (36ms)
				ProcessInitializeOnLoadAttributes (190ms)
				ProcessInitializeOnLoadMethodAttributes (3ms)
				AfterProcessingInitializeOnLoad (3ms)
				EditorAssembliesLoaded (0ms)
			ExecutionOrderSort2 (0ms)
			AwakeInstancesAfterBackupRestoration (5ms)
Platform modules already initialized, skipping
Refreshing native plugins compatible for Editor in 0.38 ms, found 2 plugins.
Preloading 0 native plugins for Editor in 0.00 ms.
Unloading 1720 Unused Serialized files (Serialized files now loaded: 0)
System memory in use before: 100.6 MB.
System memory in use after: 100.4 MB.

Unloading 14 unused Assets to reduce memory usage. Loaded Objects now: 2208.
Total: 2.161100 ms (FindLiveObjects: 0.108400 ms CreateObjectMapping: 0.035000 ms MarkObjects: 1.806900 ms  DeleteObjects: 0.209900 ms)

AssetImportParameters requested are different than current active one (requested -> active):
  custom:framework-win-MediaFoundation: 216162199b28c13a410421893ffa2e32 -> 
  custom:video-decoder-ogg-theora: a1e56fd34408186e4bbccfd4996cb3dc -> 
  custom:container-muxer-webm: aa71ff27fc2769a1b78a27578f13a17b -> 
  custom:container-demuxer-webm: 4f35f7cbe854078d1ac9338744f61a02 -> 
  custom:container-demuxer-ogg: 62fdf1f143b41e24485cea50d1cbac27 -> 
  custom:video-encoder-webm-vp8: eb34c28f22e8b96e1ab97ce403110664 -> 
  custom:video-decoder-webm-vp8: 9c59270c3fd7afecdb556c50c9e8de78 -> 
  custom:audio-decoder-ogg-vorbis: bf7c407c2cedff20999df2af8eb42d56 -> 
  custom:audio-encoder-webm-vorbis: bf7c407c2cedff20999df2af8eb42d56 -> 
========================================================================
Received Import Request.
  Time since last request: 71.323693 seconds.
  path: Assets/Scripts/DialogueSystem.cs
  artifactKey: Guid(77b636d96c02a644ea78ac9468802aff) Importer(815301076,1909f56bfc062723c751e8b465ee728b)
Start importing Assets/Scripts/DialogueSystem.cs using Guid(77b636d96c02a644ea78ac9468802aff) Importer(815301076,1909f56bfc062723c751e8b465ee728b)  -> (artifact id: 'ffdd3038eff905f1f8ec18dbc3e1b057') in 0.004827 seconds 
  Import took 0.013728 seconds .

========================================================================
Received Import Request.
  Time since last request: 67.841273 seconds.
  path: Assets/Data/NPC Boy Data Dialogue.asset
  artifactKey: Guid(f20057ec4b8c0a04196b7ca0491f9d15) Importer(815301076,1909f56bfc062723c751e8b465ee728b)
Start importing Assets/Data/NPC Boy Data Dialogue.asset using Guid(f20057ec4b8c0a04196b7ca0491f9d15) Importer(815301076,1909f56bfc062723c751e8b465ee728b)  -> (artifact id: 'f973d01f3226234300bbde8140b21b93') in 0.034773 seconds 
  Import took 0.037242 seconds .

========================================================================
Received Import Request.
  Time since last request: 903.330502 seconds.
  path: Assets/Mini Legion Rock Golem PBR HP Polyart/Meshes
  artifactKey: Guid(36ec26ab837c15349881a4c79836f2aa) Importer(815301076,1909f56bfc062723c751e8b465ee728b)
Start importing Assets/Mini Legion Rock Golem PBR HP Polyart/Meshes using Guid(36ec26ab837c15349881a4c79836f2aa) Importer(815301076,1909f56bfc062723c751e8b465ee728b)  -> (artifact id: '5fb7d9a7e30a44d41e13bf60cdb4dacc') in 0.008308 seconds 
  Import took 0.349724 seconds .

========================================================================
Received Import Request.
  Time since last request: 1.228033 seconds.
  path: Assets/Mini Legion Rock Golem PBR HP Polyart/Prefabs
  artifactKey: Guid(12411cabe7e49bf418c82f42f2f9f75a) Importer(815301076,1909f56bfc062723c751e8b465ee728b)
Start importing Assets/Mini Legion Rock Golem PBR HP Polyart/Prefabs using Guid(12411cabe7e49bf418c82f42f2f9f75a) Importer(815301076,1909f56bfc062723c751e8b465ee728b)  -> (artifact id: 'ef3db0212db7feb0af28d16ff66353b5') in 0.006263 seconds 
  Import took 0.049724 seconds .

========================================================================
Received Import Request.
  Time since last request: 5.255615 seconds.
  path: Assets/Mini Legion Rock Golem PBR HP Polyart/Meshes/Golem.fbx
  artifactKey: Guid(8b2d11d64877f0b4cad5d45ec7d53473) Importer(815301076,1909f56bfc062723c751e8b465ee728b)
Start importing Assets/Mini Legion Rock Golem PBR HP Polyart/Meshes/Golem.fbx using Guid(8b2d11d64877f0b4cad5d45ec7d53473) Importer(815301076,1909f56bfc062723c751e8b465ee728b)  -> (artifact id: '1fe322631354d9685d38e50b450db14b') in 0.180264 seconds 
  Import took 0.182531 seconds .

========================================================================
Received Import Request.
  Time since last request: 4.479906 seconds.
  path: Assets/Mini Legion Rock Golem PBR HP Polyart/Meshes/Rock.fbx
  artifactKey: Guid(95965ef6457481f488a1ab90243909eb) Importer(815301076,1909f56bfc062723c751e8b465ee728b)
Start importing Assets/Mini Legion Rock Golem PBR HP Polyart/Meshes/Rock.fbx using Guid(95965ef6457481f488a1ab90243909eb) Importer(815301076,1909f56bfc062723c751e8b465ee728b)  -> (artifact id: 'a6d1f29ee2000e1ef5f40d8807a9b82f') in 0.015789 seconds 
  Import took 0.048110 seconds .

========================================================================
Received Import Request.
  Time since last request: 0.023648 seconds.
  path: Assets/Mini Legion Rock Golem PBR HP Polyart/Meshes/Rock.fbx
  artifactKey: Guid(95965ef6457481f488a1ab90243909eb) Importer(815301076,1909f56bfc062723c751e8b465ee728b)
Start importing Assets/Mini Legion Rock Golem PBR HP Polyart/Meshes/Rock.fbx using Guid(95965ef6457481f488a1ab90243909eb) Importer(815301076,1909f56bfc062723c751e8b465ee728b)  -> (artifact id: 'a6d1f29ee2000e1ef5f40d8807a9b82f') in 0.015078 seconds 
  Import took 0.017722 seconds .

========================================================================
Received Import Request.
  Time since last request: 0.969335 seconds.
  path: Assets/Mini Legion Rock Golem PBR HP Polyart/Meshes/Stage.fbx
  artifactKey: Guid(e8d09b1987e63e343a917db8d5c1adac) Importer(815301076,1909f56bfc062723c751e8b465ee728b)
Start importing Assets/Mini Legion Rock Golem PBR HP Polyart/Meshes/Stage.fbx using Guid(e8d09b1987e63e343a917db8d5c1adac) Importer(815301076,1909f56bfc062723c751e8b465ee728b)  -> (artifact id: '13532c2e3ceeff0a16a556855aec5674') in 0.013185 seconds 
  Import took 0.016542 seconds .

========================================================================
Received Import Request.
  Time since last request: 54.806532 seconds.
  path: Assets/Mini Legion Rock Golem PBR HP Polyart/Meshes/RockMesh.fbx
  artifactKey: Guid(61d36fd741d737440a1141db2542d983) Importer(815301076,1909f56bfc062723c751e8b465ee728b)
Start importing Assets/Mini Legion Rock Golem PBR HP Polyart/Meshes/RockMesh.fbx using Guid(61d36fd741d737440a1141db2542d983) Importer(815301076,1909f56bfc062723c751e8b465ee728b)  -> (artifact id: 'cf8527c7ed5e26d7b18ba7bd5b235661') in 0.387573 seconds 
  Import took 0.487996 seconds .

========================================================================
Received Import Request.
  Time since last request: 393.912473 seconds.
  path: Assets/Mini Legion Rock Golem PBR HP Polyart/Animations/Attack01.anim
  artifactKey: Guid(4ae4bd8ed0b912b4c9d89fbbc0b41fe1) Importer(815301076,1909f56bfc062723c751e8b465ee728b)
Start importing Assets/Mini Legion Rock Golem PBR HP Polyart/Animations/Attack01.anim using Guid(4ae4bd8ed0b912b4c9d89fbbc0b41fe1) Importer(815301076,1909f56bfc062723c751e8b465ee728b)  -> (artifact id: '8bc55eb69a5dbf39032cf31b27589b80') in 0.022614 seconds 
  Import took 0.046262 seconds .

========================================================================
Received Import Request.
  Time since last request: 1.123068 seconds.
  path: Assets/Mini Legion Rock Golem PBR HP Polyart/Animations/Idle.anim
  artifactKey: Guid(e724ee346f18e7e43b5b92571f02faa1) Importer(815301076,1909f56bfc062723c751e8b465ee728b)
Start importing Assets/Mini Legion Rock Golem PBR HP Polyart/Animations/Idle.anim using Guid(e724ee346f18e7e43b5b92571f02faa1) Importer(815301076,1909f56bfc062723c751e8b465ee728b)  -> (artifact id: 'c94606bdf8dbf0a09e436828fa0338bf') in 0.015703 seconds 
  Import took 0.046304 seconds .

========================================================================
Received Import Request.
  Time since last request: 48.644761 seconds.
  path: Assets/Mini Legion Rock Golem PBR HP Polyart/Animations/FreeGolem.controller
  artifactKey: Guid(64e2ef14a02f69a4b94edbee54ca296a) Importer(815301076,1909f56bfc062723c751e8b465ee728b)
Start importing Assets/Mini Legion Rock Golem PBR HP Polyart/Animations/FreeGolem.controller using Guid(64e2ef14a02f69a4b94edbee54ca296a) Importer(815301076,1909f56bfc062723c751e8b465ee728b)  -> (artifact id: '8c509056fa580eb2b9182289bd2e30a5') in 0.077494 seconds 
  Import took 0.091682 seconds .

========================================================================
Received Import Request.
  Time since last request: 18.708445 seconds.
  path: Assets/Mini Legion Rock Golem PBR HP Polyart/Meshes/Golem.fbx
  artifactKey: Guid(8b2d11d64877f0b4cad5d45ec7d53473) Importer(815301076,1909f56bfc062723c751e8b465ee728b)
Start importing Assets/Mini Legion Rock Golem PBR HP Polyart/Meshes/Golem.fbx using Guid(8b2d11d64877f0b4cad5d45ec7d53473) Importer(815301076,1909f56bfc062723c751e8b465ee728b)  -> (artifact id: '564b7b67e1216b39ed76aea396ab3f06') in 0.353234 seconds 
  Import took 0.425391 seconds .

========================================================================
Received Import Request.
  Time since last request: 36.753487 seconds.
  path: Assets/Mini Legion Rock Golem PBR HP Polyart/Animations/Walk.anim
  artifactKey: Guid(55033e9d49b386b4eade59453a1d2618) Importer(815301076,1909f56bfc062723c751e8b465ee728b)
Start importing Assets/Mini Legion Rock Golem PBR HP Polyart/Animations/Walk.anim using Guid(55033e9d49b386b4eade59453a1d2618) Importer(815301076,1909f56bfc062723c751e8b465ee728b)  -> (artifact id: 'c19177d419c9d52520ac3608057c1b5d') in 0.015090 seconds 
  Import took 0.332575 seconds .

========================================================================
Received Import Request.
  Time since last request: 8.930298 seconds.
  path: Assets/Mini Legion Rock Golem PBR HP Polyart/Animations/Attack02.anim
  artifactKey: Guid(280edba104811d04a99462046f909840) Importer(815301076,1909f56bfc062723c751e8b465ee728b)
Start importing Assets/Mini Legion Rock Golem PBR HP Polyart/Animations/Attack02.anim using Guid(280edba104811d04a99462046f909840) Importer(815301076,1909f56bfc062723c751e8b465ee728b)  -> (artifact id: '7ad25325440a2b9f79397b5faa4267b8') in 0.016585 seconds 
  Import took 0.052905 seconds .

========================================================================
Received Import Request.
  Time since last request: 7.168469 seconds.
  path: Assets/Mini Legion Rock Golem PBR HP Polyart/Animations/Die.anim
  artifactKey: Guid(d3aad3207f5c7984a878d6d3e713003f) Importer(815301076,1909f56bfc062723c751e8b465ee728b)
Start importing Assets/Mini Legion Rock Golem PBR HP Polyart/Animations/Die.anim using Guid(d3aad3207f5c7984a878d6d3e713003f) Importer(815301076,1909f56bfc062723c751e8b465ee728b)  -> (artifact id: 'ad9645f57c6e551fedecb948487c1707') in 0.013687 seconds 
  Import took 0.052929 seconds .

========================================================================
Received Import Request.
  Time since last request: 2.897347 seconds.
  path: Assets/Mini Legion Rock Golem PBR HP Polyart/Animations/GetHit.anim
  artifactKey: Guid(09b34adea1295fb41a3122da43f2fa3d) Importer(815301076,1909f56bfc062723c751e8b465ee728b)
Start importing Assets/Mini Legion Rock Golem PBR HP Polyart/Animations/GetHit.anim using Guid(09b34adea1295fb41a3122da43f2fa3d) Importer(815301076,1909f56bfc062723c751e8b465ee728b)  -> (artifact id: '05288c38f84dc049a511c327b7623d46') in 0.013484 seconds 
  Import took 0.044730 seconds .

========================================================================
Received Import Request.
  Time since last request: 20.192944 seconds.
  path: Assets/Mini Legion Rock Golem PBR HP Polyart/Animations/Victory.anim
  artifactKey: Guid(9f23e57bf11c2e94cbdf8ed453e738cd) Importer(815301076,1909f56bfc062723c751e8b465ee728b)
Start importing Assets/Mini Legion Rock Golem PBR HP Polyart/Animations/Victory.anim using Guid(9f23e57bf11c2e94cbdf8ed453e738cd) Importer(815301076,1909f56bfc062723c751e8b465ee728b)  -> (artifact id: '9979774922ed26470bed7a8422cd083b') in 0.021323 seconds 
  Import took 0.023792 seconds .

========================================================================
Received Import Request.
  Time since last request: 0.001011 seconds.
  path: Assets/Mini Legion Rock Golem PBR HP Polyart/Animations/Victory.anim
  artifactKey: Guid(9f23e57bf11c2e94cbdf8ed453e738cd) Importer(815301076,1909f56bfc062723c751e8b465ee728b)
Start importing Assets/Mini Legion Rock Golem PBR HP Polyart/Animations/Victory.anim using Guid(9f23e57bf11c2e94cbdf8ed453e738cd) Importer(815301076,1909f56bfc062723c751e8b465ee728b)  -> (artifact id: '9979774922ed26470bed7a8422cd083b') in 0.017930 seconds 
  Import took 0.020458 seconds .

========================================================================
Received Import Request.
  Time since last request: 258.457803 seconds.
  path: Assets/CharacterAnimation/Male_Animation_Controller.controller
  artifactKey: Guid(e647d6b97042356408e5565f00a05713) Importer(815301076,1909f56bfc062723c751e8b465ee728b)
Start importing Assets/CharacterAnimation/Male_Animation_Controller.controller using Guid(e647d6b97042356408e5565f00a05713) Importer(815301076,1909f56bfc062723c751e8b465ee728b)  -> (artifact id: 'b099a6aeb59b7246c8ffd4ff08929f8b') in 0.280791 seconds 
  Import took 0.291244 seconds .

========================================================================
Received Import Request.
  Time since last request: 8.205128 seconds.
  path: Assets/CharacterAnimation
  artifactKey: Guid(5cffd5a39d867e648bd6c394e2bb3b13) Importer(815301076,1909f56bfc062723c751e8b465ee728b)
Start importing Assets/CharacterAnimation using Guid(5cffd5a39d867e648bd6c394e2bb3b13) Importer(815301076,1909f56bfc062723c751e8b465ee728b)  -> (artifact id: 'a5aaf3677847e0efb74e608ff93ad62c') in 0.006622 seconds 
  Import took 0.034068 seconds .

========================================================================
Received Import Request.
  Time since last request: 10.991349 seconds.
  path: Assets/CharacterAnimation/NPC Boy.controller
  artifactKey: Guid(94341a26134eee844aef8242cef7166a) Importer(815301076,1909f56bfc062723c751e8b465ee728b)
Start importing Assets/CharacterAnimation/NPC Boy.controller using Guid(94341a26134eee844aef8242cef7166a) Importer(815301076,1909f56bfc062723c751e8b465ee728b)  -> (artifact id: '51e1b7ef50e9c43a0d714d8382f8bf93') in 0.083377 seconds 
  Import took 0.092592 seconds .

========================================================================
Received Import Request.
  Time since last request: 16.661058 seconds.
  path: Assets/CharacterAnimation/Golem.overrideController
  artifactKey: Guid(91781f42d8e7f8541ba2858dc6e5b885) Importer(815301076,1909f56bfc062723c751e8b465ee728b)
Start importing Assets/CharacterAnimation/Golem.overrideController using Guid(91781f42d8e7f8541ba2858dc6e5b885) Importer(815301076,1909f56bfc062723c751e8b465ee728b)  -> (artifact id: '900cb7e81703d64d046bef6112dc95f5') in 0.003640 seconds 
  Import took 0.020793 seconds .

========================================================================
Received Import Request.
  Time since last request: 156.848093 seconds.
  path: Assets/Fantasy Forest Environment Free Sample/Meshes/Prefabs
  artifactKey: Guid(9c7916be32b4831459e123e056137170) Importer(815301076,1909f56bfc062723c751e8b465ee728b)
Start importing Assets/Fantasy Forest Environment Free Sample/Meshes/Prefabs using Guid(9c7916be32b4831459e123e056137170) Importer(815301076,1909f56bfc062723c751e8b465ee728b)  -> (artifact id: 'd57b1842b5c772aab6094f32b2d574ff') in 0.001407 seconds 
  Import took 0.032874 seconds .

========================================================================
Received Import Request.
  Time since last request: 1.208945 seconds.
  path: Assets/Fantasy Forest Environment Free Sample/Meshes/Prefabs/tree_1.prefab
  artifactKey: Guid(eded051879df4c147b9010199d240258) Importer(815301076,1909f56bfc062723c751e8b465ee728b)
Start importing Assets/Fantasy Forest Environment Free Sample/Meshes/Prefabs/tree_1.prefab using Guid(eded051879df4c147b9010199d240258) Importer(815301076,1909f56bfc062723c751e8b465ee728b)  -> (artifact id: '76162ba9283d60d3b3a63534e93d97ba') in 0.599138 seconds 
  Import took 0.604918 seconds .

========================================================================
Received Import Request.
  Time since last request: 1.733125 seconds.
  path: Assets/Fantasy Forest Environment Free Sample/Meshes/Prefabs/grass01.prefab
  artifactKey: Guid(b48086d9f175aa34b947a21c8056c3d2) Importer(815301076,1909f56bfc062723c751e8b465ee728b)
Start importing Assets/Fantasy Forest Environment Free Sample/Meshes/Prefabs/grass01.prefab using Guid(b48086d9f175aa34b947a21c8056c3d2) Importer(815301076,1909f56bfc062723c751e8b465ee728b)  -> (artifact id: '0833b2353ef4fef61e74e7134b9340a5') in 0.074492 seconds 
  Import took 0.107277 seconds .

========================================================================
Received Import Request.
  Time since last request: 13.162561 seconds.
  path: Assets/Handpainted_Forest_pack/Models/Fir_v1_1.prefab
  artifactKey: Guid(a47d7ad739a48614babdcba6106ead5f) Importer(815301076,1909f56bfc062723c751e8b465ee728b)
Start importing Assets/Handpainted_Forest_pack/Models/Fir_v1_1.prefab using Guid(a47d7ad739a48614babdcba6106ead5f) Importer(815301076,1909f56bfc062723c751e8b465ee728b)  -> (artifact id: '0144c3b19ba5739c9bc9939b9e30e081') in 0.079505 seconds 
  Import took 0.092134 seconds .

========================================================================
Received Import Request.
  Time since last request: 0.572736 seconds.
  path: Assets/Handpainted_Forest_pack/Models/Floor_Grass_v1_2.prefab
  artifactKey: Guid(a2fbc4036fe0e9f40899ea784ee93073) Importer(815301076,1909f56bfc062723c751e8b465ee728b)
Start importing Assets/Handpainted_Forest_pack/Models/Floor_Grass_v1_2.prefab using Guid(a2fbc4036fe0e9f40899ea784ee93073) Importer(815301076,1909f56bfc062723c751e8b465ee728b)  -> (artifact id: '9054b11030380d2f9d9ca68a1d2d30de') in 0.109858 seconds 
  Import took 0.112616 seconds .

========================================================================
Received Import Request.
  Time since last request: 0.539777 seconds.
  path: Assets/Handpainted_Forest_pack/Models/Grass_v1_3.prefab
  artifactKey: Guid(4b46a3851f431d14fb24389945dd98d7) Importer(815301076,1909f56bfc062723c751e8b465ee728b)
Start importing Assets/Handpainted_Forest_pack/Models/Grass_v1_3.prefab using Guid(4b46a3851f431d14fb24389945dd98d7) Importer(815301076,1909f56bfc062723c751e8b465ee728b)  -> (artifact id: 'fa26179595247d613ab9b48f5cd697b5') in 0.012326 seconds 
  Import took 0.020087 seconds .

========================================================================
Received Import Request.
  Time since last request: 0.762805 seconds.
  path: Assets/Handpainted_Forest_pack/Models/Pine_v1_2.prefab
  artifactKey: Guid(07232b84fecc54e45b2e071b6885bb96) Importer(815301076,1909f56bfc062723c751e8b465ee728b)
Start importing Assets/Handpainted_Forest_pack/Models/Pine_v1_2.prefab using Guid(07232b84fecc54e45b2e071b6885bb96) Importer(815301076,1909f56bfc062723c751e8b465ee728b)  -> (artifact id: 'e85672bde20fde5c6d4a25a6ca474404') in 0.010443 seconds 
  Import took 0.015038 seconds .

========================================================================
Received Import Request.
  Time since last request: 13.113228 seconds.
  path: Assets/Kevin Iglesias/Basic Motions/AnimationControllers
  artifactKey: Guid(2772e80ca8ca2eb438c6fad54e343aca) Importer(815301076,1909f56bfc062723c751e8b465ee728b)
Start importing Assets/Kevin Iglesias/Basic Motions/AnimationControllers using Guid(2772e80ca8ca2eb438c6fad54e343aca) Importer(815301076,1909f56bfc062723c751e8b465ee728b)  -> (artifact id: '6e4f35b2676f39c55cce24c4218831c0') in 0.005168 seconds 
  Import took 0.037452 seconds .

========================================================================
Received Import Request.
  Time since last request: 11.711646 seconds.
  path: Assets/Kevin Iglesias/Basic Motions/Models/BasicMotionsDummyModel.fbx
  artifactKey: Guid(5917c0e93d180a842b61d1ebc62a195c) Importer(815301076,1909f56bfc062723c751e8b465ee728b)
Start importing Assets/Kevin Iglesias/Basic Motions/Models/BasicMotionsDummyModel.fbx using Guid(5917c0e93d180a842b61d1ebc62a195c) Importer(815301076,1909f56bfc062723c751e8b465ee728b)  -> (artifact id: 'ea4d5abddfdf8f57eab01252ab832f7d') in 0.036093 seconds 
  Import took 0.052190 seconds .

========================================================================
Received Import Request.
  Time since last request: 2.403139 seconds.
  path: Assets/Kevin Iglesias/Basic Motions/Prefabs/BasicMotionsDummy.prefab
  artifactKey: Guid(d6d06c887a1aae94f8c6e8cc2c0c557b) Importer(815301076,1909f56bfc062723c751e8b465ee728b)
Start importing Assets/Kevin Iglesias/Basic Motions/Prefabs/BasicMotionsDummy.prefab using Guid(d6d06c887a1aae94f8c6e8cc2c0c557b) Importer(815301076,1909f56bfc062723c751e8b465ee728b)  -> (artifact id: 'c77055da8d90a6af282d6b9482ce04f3') in 0.146319 seconds 
  Import took 0.160808 seconds .

========================================================================
Received Import Request.
  Time since last request: 0.002360 seconds.
  path: Assets/Kevin Iglesias/Basic Motions/Prefabs/BasicMotionsDummy.prefab
  artifactKey: Guid(d6d06c887a1aae94f8c6e8cc2c0c557b) Importer(815301076,1909f56bfc062723c751e8b465ee728b)
Start importing Assets/Kevin Iglesias/Basic Motions/Prefabs/BasicMotionsDummy.prefab using Guid(d6d06c887a1aae94f8c6e8cc2c0c557b) Importer(815301076,1909f56bfc062723c751e8b465ee728b)  -> (artifact id: 'c77055da8d90a6af282d6b9482ce04f3') in 0.016161 seconds 
  Import took 0.020722 seconds .

========================================================================
Received Import Request.
  Time since last request: 3.264604 seconds.
  path: Assets/Kevin Iglesias/Basic Motions/AnimationControllers/BasicMotions@Run.controller
  artifactKey: Guid(eb79e3fd0dd669f40a90a984b92a0ccf) Importer(815301076,1909f56bfc062723c751e8b465ee728b)
Start importing Assets/Kevin Iglesias/Basic Motions/AnimationControllers/BasicMotions@Run.controller using Guid(eb79e3fd0dd669f40a90a984b92a0ccf) Importer(815301076,1909f56bfc062723c751e8b465ee728b)  -> (artifact id: '86e1610dc1c7ab99b03ed2d0246aa264') in 0.007512 seconds 
  Import took 0.010188 seconds .

========================================================================
Received Import Request.
  Time since last request: 0.511424 seconds.
  path: Assets/Kevin Iglesias/Basic Motions/AnimationControllers/BasicMotions@Sprint.controller
  artifactKey: Guid(6cc513001c84c714baa94b6d24a332c4) Importer(815301076,1909f56bfc062723c751e8b465ee728b)
Start importing Assets/Kevin Iglesias/Basic Motions/AnimationControllers/BasicMotions@Sprint.controller using Guid(6cc513001c84c714baa94b6d24a332c4) Importer(815301076,1909f56bfc062723c751e8b465ee728b)  -> (artifact id: '5892e97173e83ff6af5aaa81e6efac89') in 0.006609 seconds 
  Import took 0.021323 seconds .

========================================================================
Received Import Request.
  Time since last request: 4.312578 seconds.
  path: Assets/Kevin Iglesias/Basic Motions/Textures/BasicMotionsTexture.png
  artifactKey: Guid(fad9765a35536374695ea4ff22aca373) Importer(815301076,1909f56bfc062723c751e8b465ee728b)
Start importing Assets/Kevin Iglesias/Basic Motions/Textures/BasicMotionsTexture.png using Guid(fad9765a35536374695ea4ff22aca373) Importer(815301076,1909f56bfc062723c751e8b465ee728b)  -> (artifact id: 'd3265a50828108805e671e88fbf77095') in 0.025193 seconds 
  Import took 0.051015 seconds .

========================================================================
Received Import Request.
  Time since last request: 57.055379 seconds.
  path: Assets/Animation/FinishConversationBlink.anim
  artifactKey: Guid(d70b897f8c61d1f40ad34f1b9130d3f2) Importer(815301076,1909f56bfc062723c751e8b465ee728b)
Start importing Assets/Animation/FinishConversationBlink.anim using Guid(d70b897f8c61d1f40ad34f1b9130d3f2) Importer(815301076,1909f56bfc062723c751e8b465ee728b)  -> (artifact id: '5075cdeb15fafa5c2803fd6b6a70c720') in 0.025691 seconds 
  Import took 0.053963 seconds .

========================================================================
Received Import Request.
  Time since last request: 0.738910 seconds.
  path: Assets/Animation/Sign.controller
  artifactKey: Guid(8bc25c54115a8da418125cffcf6546aa) Importer(815301076,1909f56bfc062723c751e8b465ee728b)
Start importing Assets/Animation/Sign.controller using Guid(8bc25c54115a8da418125cffcf6546aa) Importer(815301076,1909f56bfc062723c751e8b465ee728b)  -> (artifact id: '044bd0cb521b860e51e1e27586b67ba8') in 0.005784 seconds 
  Import took 0.009387 seconds .

========================================================================
Received Import Request.
  Time since last request: 1.128737 seconds.
  path: Assets/Animation/Title.controller
  artifactKey: Guid(5cecc14f832ab0743b07c3303d8b79c5) Importer(815301076,1909f56bfc062723c751e8b465ee728b)
Start importing Assets/Animation/Title.controller using Guid(5cecc14f832ab0743b07c3303d8b79c5) Importer(815301076,1909f56bfc062723c751e8b465ee728b)  -> (artifact id: '08d4a245edb7ca99c45ca8218aad764a') in 0.008092 seconds 
  Import took 0.022876 seconds .

========================================================================
Received Import Request.
  Time since last request: 0.001314 seconds.
  path: Assets/Animation/Title.controller
  artifactKey: Guid(5cecc14f832ab0743b07c3303d8b79c5) Importer(815301076,1909f56bfc062723c751e8b465ee728b)
Start importing Assets/Animation/Title.controller using Guid(5cecc14f832ab0743b07c3303d8b79c5) Importer(815301076,1909f56bfc062723c751e8b465ee728b)  -> (artifact id: '08d4a245edb7ca99c45ca8218aad764a') in 0.001799 seconds 
  Import took 0.004280 seconds .

========================================================================
Received Import Request.
  Time since last request: 0.602068 seconds.
  path: Assets/Animation/TitleScale.anim
  artifactKey: Guid(837a69ba3d855cc45bec240b8a9fdc2d) Importer(815301076,1909f56bfc062723c751e8b465ee728b)
Start importing Assets/Animation/TitleScale.anim using Guid(837a69ba3d855cc45bec240b8a9fdc2d) Importer(815301076,1909f56bfc062723c751e8b465ee728b)  -> (artifact id: '066a46164500cf5f0338c0bc3aaa773c') in 0.006436 seconds 
  Import took 0.031793 seconds .

========================================================================
Received Import Request.
  Time since last request: 225.821420 seconds.
  path: Assets/CharacterAnimation/Male_01_V01@Standing React Death Left.fbx
  artifactKey: Guid(c0f0d7a007f98624d8cc217395541484) Importer(815301076,1909f56bfc062723c751e8b465ee728b)
Start importing Assets/CharacterAnimation/Male_01_V01@Standing React Death Left.fbx using Guid(c0f0d7a007f98624d8cc217395541484) Importer(815301076,1909f56bfc062723c751e8b465ee728b)  -> (artifact id: 'a82e1d5849902b217996d160bea28522') in 0.009495 seconds 
  Import took 0.012884 seconds .

========================================================================
Received Import Request.
  Time since last request: 20.002891 seconds.
  path: Assets/CharacterAnimation/Male_01_V01@Breathing Idle.fbx
  artifactKey: Guid(7c978b2b82b91fa4e9760a8c2b929666) Importer(815301076,1909f56bfc062723c751e8b465ee728b)
Start importing Assets/CharacterAnimation/Male_01_V01@Breathing Idle.fbx using Guid(7c978b2b82b91fa4e9760a8c2b929666) Importer(815301076,1909f56bfc062723c751e8b465ee728b)  -> (artifact id: 'a467f11ff7044c7194959c181470d4d9') in 0.010418 seconds 
  Import took 0.045973 seconds .

========================================================================
Received Import Request.
  Time since last request: 0.933870 seconds.
  path: Assets/CharacterAnimation/Male_01_V01@Hurt.fbx
  artifactKey: Guid(d3a99acc60f013c4399b31ce23f0f1f2) Importer(815301076,1909f56bfc062723c751e8b465ee728b)
Start importing Assets/CharacterAnimation/Male_01_V01@Hurt.fbx using Guid(d3a99acc60f013c4399b31ce23f0f1f2) Importer(815301076,1909f56bfc062723c751e8b465ee728b)  -> (artifact id: 'd43232c805970981e3cb7cc1364fea11') in 0.008051 seconds 
  Import took 0.010856 seconds .

========================================================================
Received Import Request.
  Time since last request: 0.001749 seconds.
  path: Assets/CharacterAnimation/Male_01_V01@Hurt.fbx
  artifactKey: Guid(d3a99acc60f013c4399b31ce23f0f1f2) Importer(815301076,1909f56bfc062723c751e8b465ee728b)
Start importing Assets/CharacterAnimation/Male_01_V01@Hurt.fbx using Guid(d3a99acc60f013c4399b31ce23f0f1f2) Importer(815301076,1909f56bfc062723c751e8b465ee728b)  -> (artifact id: 'd43232c805970981e3cb7cc1364fea11') in 0.007888 seconds 
  Import took 0.011588 seconds .

========================================================================
Received Import Request.
  Time since last request: 0.947551 seconds.
  path: Assets/CharacterAnimation/Male_01_V01@Running.fbx
  artifactKey: Guid(45043bc3a6733614babebce0ae73f14d) Importer(815301076,1909f56bfc062723c751e8b465ee728b)
Start importing Assets/CharacterAnimation/Male_01_V01@Running.fbx using Guid(45043bc3a6733614babebce0ae73f14d) Importer(815301076,1909f56bfc062723c751e8b465ee728b)  -> (artifact id: 'd14e5e9a95d1bf4889350dd33cb2360b') in 0.009534 seconds 
  Import took 0.012905 seconds .

========================================================================
Received Import Request.
  Time since last request: 0.000636 seconds.
  path: Assets/CharacterAnimation/Male_01_V01@Running.fbx
  artifactKey: Guid(45043bc3a6733614babebce0ae73f14d) Importer(815301076,1909f56bfc062723c751e8b465ee728b)
Start importing Assets/CharacterAnimation/Male_01_V01@Running.fbx using Guid(45043bc3a6733614babebce0ae73f14d) Importer(815301076,1909f56bfc062723c751e8b465ee728b)  -> (artifact id: 'd14e5e9a95d1bf4889350dd33cb2360b') in 0.005022 seconds 
  Import took 0.007719 seconds .

========================================================================
Received Import Request.
  Time since last request: 1.030174 seconds.
  path: Assets/CharacterAnimation/Male_01_V01@Walking.fbx
  artifactKey: Guid(69736cd329a7cce44aa53279add3ef90) Importer(815301076,1909f56bfc062723c751e8b465ee728b)
Start importing Assets/CharacterAnimation/Male_01_V01@Walking.fbx using Guid(69736cd329a7cce44aa53279add3ef90) Importer(815301076,1909f56bfc062723c751e8b465ee728b)  -> (artifact id: 'c931d857ac98a7d232d53cca1de6bc6c') in 0.009518 seconds 
  Import took 0.012408 seconds .

========================================================================
Received Import Request.
  Time since last request: 0.000888 seconds.
  path: Assets/CharacterAnimation/Male_01_V01@Walking.fbx
  artifactKey: Guid(69736cd329a7cce44aa53279add3ef90) Importer(815301076,1909f56bfc062723c751e8b465ee728b)
Start importing Assets/CharacterAnimation/Male_01_V01@Walking.fbx using Guid(69736cd329a7cce44aa53279add3ef90) Importer(815301076,1909f56bfc062723c751e8b465ee728b)  -> (artifact id: 'c931d857ac98a7d232d53cca1de6bc6c') in 0.005319 seconds 
  Import took 0.008574 seconds .

========================================================================
Received Import Request.
  Time since last request: 114.444317 seconds.
  path: Assets/CharacterAnimation/Male_01_V01@Standing React Death Left 1.fbx
  artifactKey: Guid(b6b558ee384692f4e92cf11f34060279) Importer(815301076,1909f56bfc062723c751e8b465ee728b)
Start importing Assets/CharacterAnimation/Male_01_V01@Standing React Death Left 1.fbx using Guid(b6b558ee384692f4e92cf11f34060279) Importer(815301076,1909f56bfc062723c751e8b465ee728b)  -> (artifact id: 'c00c7d4d4b5ce47647b83bd785341e93') in 0.009571 seconds 
  Import took 0.013745 seconds .

========================================================================
Received Import Request.
  Time since last request: 57.177871 seconds.
  path: Assets/CharacterAnimation/Male_01_V01@Standing React Death Left 1.fbx
  artifactKey: Guid(b6b558ee384692f4e92cf11f34060279) Importer(815301076,1909f56bfc062723c751e8b465ee728b)
Start importing Assets/CharacterAnimation/Male_01_V01@Standing React Death Left 1.fbx using Guid(b6b558ee384692f4e92cf11f34060279) Importer(815301076,1909f56bfc062723c751e8b465ee728b)  -> (artifact id: 'fa9229c3230e7d90a5e732b169054e34') in 0.006227 seconds 
  Import took 0.009434 seconds .

========================================================================
Received Import Request.
  Time since last request: 69.039742 seconds.
  path: Assets/CharacterAnimation/Golem.overrideController
  artifactKey: Guid(91781f42d8e7f8541ba2858dc6e5b885) Importer(815301076,1909f56bfc062723c751e8b465ee728b)
Start importing Assets/CharacterAnimation/Golem.overrideController using Guid(91781f42d8e7f8541ba2858dc6e5b885) Importer(815301076,1909f56bfc062723c751e8b465ee728b)  -> (artifact id: 'a837c329c169ff54c1567e0e54366293') in 0.042312 seconds 
  Import took 0.045063 seconds .

========================================================================
Received Import Request.
  Time since last request: 32.113089 seconds.
  path: Assets/Supercyan Character Pack Free Sample/Animations/common_people@backwards-run.FBX
  artifactKey: Guid(478fe807cc09b09448250cacc1ab8eb8) Importer(815301076,1909f56bfc062723c751e8b465ee728b)
Start importing Assets/Supercyan Character Pack Free Sample/Animations/common_people@backwards-run.FBX using Guid(478fe807cc09b09448250cacc1ab8eb8) Importer(815301076,1909f56bfc062723c751e8b465ee728b)  -> (artifact id: '523ba4d867d320c7befa70d1b1382ac2') in 0.397687 seconds 
  Import took 0.400745 seconds .

========================================================================
Received Import Request.
  Time since last request: 0.000149 seconds.
  path: Assets/Kevin Iglesias/Basic Motions/Animations/Idles/BasicMotions@Idle02.fbx
  artifactKey: Guid(69d59c13a83a7c74a8cc0607ded391ec) Importer(815301076,1909f56bfc062723c751e8b465ee728b)
Start importing Assets/Kevin Iglesias/Basic Motions/Animations/Idles/BasicMotions@Idle02.fbx using Guid(69d59c13a83a7c74a8cc0607ded391ec) Importer(815301076,1909f56bfc062723c751e8b465ee728b)  -> (artifact id: 'c44dbdc45e91efee7465b5edb1e92a38') in 0.062354 seconds 
  Import took 0.084123 seconds .

========================================================================
Received Import Request.
  Time since last request: 0.000152 seconds.
  path: Assets/Kevin Iglesias/Basic Motions/Animations/Idles/BasicMotions@Idle01.fbx
  artifactKey: Guid(a3422ad278cd9a94aa3da8e6bff9deea) Importer(815301076,1909f56bfc062723c751e8b465ee728b)
Start importing Assets/Kevin Iglesias/Basic Motions/Animations/Idles/BasicMotions@Idle01.fbx using Guid(a3422ad278cd9a94aa3da8e6bff9deea) Importer(815301076,1909f56bfc062723c751e8b465ee728b)  -> (artifact id: '5fe33d621660a95f95b092dc16ecd8ac') in 0.070242 seconds 
  Import took 0.078870 seconds .

========================================================================
Received Import Request.
  Time since last request: 0.000176 seconds.
  path: Assets/Supercyan Character Pack Free Sample/Animations/common_people@backwards-run.FBX
  artifactKey: Guid(478fe807cc09b09448250cacc1ab8eb8) Importer(815301076,1909f56bfc062723c751e8b465ee728b)
Start importing Assets/Supercyan Character Pack Free Sample/Animations/common_people@backwards-run.FBX using Guid(478fe807cc09b09448250cacc1ab8eb8) Importer(815301076,1909f56bfc062723c751e8b465ee728b)  -> (artifact id: '523ba4d867d320c7befa70d1b1382ac2') in 0.024601 seconds 
  Import took 0.027264 seconds .

========================================================================
Received Import Request.
  Time since last request: 0.000136 seconds.
  path: Assets/Supercyan Character Pack Free Sample/Animations/common_people@backwards-walk.FBX
  artifactKey: Guid(854ef493abe79464ca6e9795fb330040) Importer(815301076,1909f56bfc062723c751e8b465ee728b)
Start importing Assets/Supercyan Character Pack Free Sample/Animations/common_people@backwards-walk.FBX using Guid(854ef493abe79464ca6e9795fb330040) Importer(815301076,1909f56bfc062723c751e8b465ee728b)  -> (artifact id: '10e24f52278f63a566200213b6ae8d19') in 0.060601 seconds 
  Import took 0.063140 seconds .

========================================================================
Received Import Request.
  Time since last request: 0.002474 seconds.
  path: Assets/Supercyan Character Pack Free Sample/Animations/common_people@backwards-walk.FBX
  artifactKey: Guid(854ef493abe79464ca6e9795fb330040) Importer(815301076,1909f56bfc062723c751e8b465ee728b)
Start importing Assets/Supercyan Character Pack Free Sample/Animations/common_people@backwards-walk.FBX using Guid(854ef493abe79464ca6e9795fb330040) Importer(815301076,1909f56bfc062723c751e8b465ee728b)  -> (artifact id: '10e24f52278f63a566200213b6ae8d19') in 0.021882 seconds 
  Import took 0.025453 seconds .

========================================================================
Received Prepare
Registering precompiled user dll's ...
Registered in 0.026454 seconds.
Begin MonoManager ReloadAssembly
Native extension for WindowsStandalone target not found
Native extension for WebGL target not found
Refreshing native plugins compatible for Editor in 0.38 ms, found 2 plugins.
Preloading 0 native plugins for Editor in 0.00 ms.
Mono: successfully reloaded assembly
- Completed reload, in  0.785 seconds
Domain Reload Profiling:
	ReloadAssembly (786ms)
		BeginReloadAssembly (140ms)
			ExecutionOrderSort (0ms)
			DisableScriptedObjects (8ms)
			BackupInstance (0ms)
			ReleaseScriptingObjects (0ms)
			CreateAndSetChildDomain (72ms)
		EndReloadAssembly (602ms)
			LoadAssemblies (69ms)
			RebuildTransferFunctionScriptingTraits (0ms)
			SetupTypeCache (191ms)
			ReleaseScriptCaches (1ms)
			RebuildScriptCaches (27ms)
			SetupLoadedEditorAssemblies (248ms)
				LogAssemblyErrors (0ms)
				InitializePlatformSupportModulesInManaged (5ms)
				SetLoadedEditorAssemblies (0ms)
				RefreshPlugins (0ms)
				BeforeProcessingInitializeOnLoad (37ms)
				ProcessInitializeOnLoadAttributes (199ms)
				ProcessInitializeOnLoadMethodAttributes (2ms)
				AfterProcessingInitializeOnLoad (4ms)
				EditorAssembliesLoaded (0ms)
			ExecutionOrderSort2 (0ms)
			AwakeInstancesAfterBackupRestoration (5ms)
Platform modules already initialized, skipping
Refreshing native plugins compatible for Editor in 0.43 ms, found 2 plugins.
Preloading 0 native plugins for Editor in 0.00 ms.
Unloading 1720 Unused Serialized files (Serialized files now loaded: 0)
System memory in use before: 119.0 MB.
System memory in use after: 118.8 MB.

Unloading 15 unused Assets to reduce memory usage. Loaded Objects now: 2260.
Total: 2.389300 ms (FindLiveObjects: 0.113200 ms CreateObjectMapping: 0.034500 ms MarkObjects: 2.017400 ms  DeleteObjects: 0.222900 ms)

AssetImportParameters requested are different than current active one (requested -> active):
  custom:framework-win-MediaFoundation: 216162199b28c13a410421893ffa2e32 -> 
  custom:video-decoder-ogg-theora: a1e56fd34408186e4bbccfd4996cb3dc -> 
  custom:container-muxer-webm: aa71ff27fc2769a1b78a27578f13a17b -> 
  custom:container-demuxer-webm: 4f35f7cbe854078d1ac9338744f61a02 -> 
  custom:container-demuxer-ogg: 62fdf1f143b41e24485cea50d1cbac27 -> 
  custom:video-encoder-webm-vp8: eb34c28f22e8b96e1ab97ce403110664 -> 
  custom:video-decoder-webm-vp8: 9c59270c3fd7afecdb556c50c9e8de78 -> 
  custom:audio-decoder-ogg-vorbis: bf7c407c2cedff20999df2af8eb42d56 -> 
  custom:audio-encoder-webm-vorbis: bf7c407c2cedff20999df2af8eb42d56 -> 
AssetImportWorkerClient::OnTransportError - code=2 error=End of file
